#
# There is insufficient memory for the Java Runtime Environment to continue.
# Native memory allocation (mmap) failed to map 98566144 bytes for G1 virtual space
# Possible reasons:
#   The system is out of physical RAM or swap space
#   The process is running with CompressedOops enabled, and the Java Heap may be blocking the growth of the native heap
# Possible solutions:
#   Reduce memory load on the system
#   Increase physical memory or swap space
#   Check if swap backing store is full
#   Decrease Java heap size (-Xmx/-Xms)
#   Decrease number of Java threads
#   Decrease Java thread stack sizes (-Xss)
#   Set larger code cache with -XX:ReservedCodeCacheSize=
#   JVM is running with Unscaled Compressed Oops mode in which the Java heap is
#     placed in the first 4GB address space. The Java Heap base address is the
#     maximum limit for the native heap growth. Please use -XX:HeapBaseMinAddress
#     to set the Java Heap base and to place the Java Heap above 4GB virtual address.
# This output file may be truncated or incomplete.
#
#  Out of Memory Error (os_windows.cpp:3528), pid=16516, tid=34420
#
# JRE version:  (20.0.1+9) (build )
# Java VM: Java HotSpot(TM) 64-Bit Server VM (20.0.1+9-29, mixed mode, sharing, tiered, compressed oops, compressed class ptrs, g1 gc, windows-amd64)
# No core dump will be written. Minidumps are not enabled by default on client versions of Windows
#

---------------  S U M M A R Y ------------

Command Line: -Dfile.encoding=UTF-8 --module-path=C:\Users\Anjali Tiwari\Documents\NetBeansProjects\University Management System\build\classes university.management.system.StudentFeeForm

Host: AMD Ryzen 5 5600H with Radeon Graphics         , 12 cores, 5G,  Windows 11 , 64 bit Build 22621 (10.0.22621.2506)
Time: Fri Nov 24 02:02:03 2023 India Standard Time elapsed time: 0.027080 seconds (0d 0h 0m 0s)

---------------  T H R E A D  ---------------

Current thread (0x0000019d91787750):  JavaThread "Unknown thread" [_thread_in_vm, id=34420, stack(0x00000062d7600000,0x00000062d7700000)]

Stack: [0x00000062d7600000,0x00000062d7700000]
Native frames: (J=compiled Java code, j=interpreted, Vv=VM code, C=native code)
V  [jvm.dll+0x6bb95a]
V  [jvm.dll+0x8485fa]
V  [jvm.dll+0x84a1f5]
V  [jvm.dll+0x84a8f3]
V  [jvm.dll+0x280b0f]
V  [jvm.dll+0x6b86e9]
V  [jvm.dll+0x6ad2da]
V  [jvm.dll+0x35adf5]
V  [jvm.dll+0x363016]
V  [jvm.dll+0x3b3b3e]
V  [jvm.dll+0x3b3dc5]
V  [jvm.dll+0x32b50a]
V  [jvm.dll+0x32c32b]
V  [jvm.dll+0x8112bf]
V  [jvm.dll+0x3c0d91]
V  [jvm.dll+0x7fcfe3]
V  [jvm.dll+0x44c76f]
V  [jvm.dll+0x44e0e1]
C  [jli.dll+0x5287]
C  [ucrtbase.dll+0x29363]
C  [KERNEL32.DLL+0x1257d]
C  [ntdll.dll+0x5aa58]


---------------  P R O C E S S  ---------------

Threads class SMR info:
_java_thread_list=0x00007ff96113a098, length=0, elements={
}

Java Threads: ( => current thread )

Other Threads:
  0x0000019d917d9ff0 WorkerThread "GC Thread#0" [stack: 0x00000062d7700000,0x00000062d7800000] [id=5600]
  0x0000019d917e6a80 ConcurrentGCThread "G1 Main Marker" [stack: 0x00000062d7800000,0x00000062d7900000] [id=31892]
  0x0000019d917e7df0 WorkerThread "G1 Conc#0" [stack: 0x00000062d7900000,0x00000062d7a00000] [id=34168]

[error occurred during error reporting (printing all threads), id 0xc0000005, EXCEPTION_ACCESS_VIOLATION (0xc0000005) at pc=0x00007ff96091eb47]
VM state: not at safepoint (not fully initialized)

VM Mutex/Monitor currently owned by a thread:  ([mutex/lock_event])
[0x0000019d91783cf0] Heap_lock - owner thread: 0x0000019d91787750

Heap address: 0x00000000a2400000, size: 1500 MB, Compressed Oops mode: 32-bit

CDS archive(s) mapped at: [0x0000000000000000-0x0000000000000000-0x0000000000000000), size 0, SharedBaseAddress: 0x0000000800000000, ArchiveRelocationMode: 0.
Narrow klass base: 0x0000000000000000, Narrow klass shift: 0, Narrow klass range: 0x0

GC Precious Log:
 CardTable entry size: 512
 Card Set container configuration: InlinePtr #cards 5 size 8 Array Of Cards #cards 12 size 40 Howl #buckets 4 coarsen threshold 1843 Howl Bitmap #cards 512 size 80 coarsen threshold 460 Card regions per heap region 1 cards per card region 2048

Heap:
 garbage-first heap   total 0K, used 0K [0x00000000a2400000, 0x0000000100000000)
  region size 1024K, 0 young (0K), 0 survivors (0K)

[error occurred during error reporting (printing heap information), id 0xc0000005, EXCEPTION_ACCESS_VIOLATION (0xc0000005) at pc=0x00007ff960cf3c59]
GC Heap History (0 events):
No events

Dll operation events (1 events):
Event: 0.017 Loaded shared library C:\Program Files\Java\jdk-20\bin\java.dll

Deoptimization events (0 events):
No events

Classes loaded (0 events):
No events

Classes unloaded (0 events):
No events

Classes redefined (0 events):
No events

Internal exceptions (0 events):
No events

VM Operations (0 events):
No events

Events (0 events):
No events


Dynamic libraries:
0x00007ff6e7600000 - 0x00007ff6e7610000 	C:\Program Files\Java\jdk-20\bin\java.exe
0x00007ffa08950000 - 0x00007ffa08b67000 	C:\WINDOWS\SYSTEM32\ntdll.dll
0x00007ffa06750000 - 0x00007ffa06814000 	C:\WINDOWS\System32\KERNEL32.DLL
0x00007ffa05de0000 - 0x00007ffa06185000 	C:\WINDOWS\System32\KERNELBASE.dll
0x00007ffa05cc0000 - 0x00007ffa05dd1000 	C:\WINDOWS\System32\ucrtbase.dll
0x00007ff9f75f0000 - 0x00007ff9f760b000 	C:\Program Files\Java\jdk-20\bin\VCRUNTIME140.dll
0x00007ff9cec10000 - 0x00007ff9cec29000 	C:\Program Files\Java\jdk-20\bin\jli.dll
0x00007ffa08680000 - 0x00007ffa08731000 	C:\WINDOWS\System32\ADVAPI32.dll
0x00007ffa082d0000 - 0x00007ffa08377000 	C:\WINDOWS\System32\msvcrt.dll
0x00007ffa06e90000 - 0x00007ffa06f36000 	C:\WINDOWS\System32\sechost.dll
0x00007ffa08530000 - 0x00007ffa08647000 	C:\WINDOWS\System32\RPCRT4.dll
0x00007ffa08760000 - 0x00007ffa0890e000 	C:\WINDOWS\System32\USER32.dll
0x00007ffa064e0000 - 0x00007ffa06506000 	C:\WINDOWS\System32\win32u.dll
0x00007ff9ece80000 - 0x00007ff9ed113000 	C:\WINDOWS\WinSxS\amd64_microsoft.windows.common-controls_6595b64144ccf1df_6.0.22621.2506_none_270c5ae97388e100\COMCTL32.dll
0x00007ffa08650000 - 0x00007ffa08679000 	C:\WINDOWS\System32\GDI32.dll
0x00007ffa06510000 - 0x00007ffa06629000 	C:\WINDOWS\System32\gdi32full.dll
0x00007ffa06440000 - 0x00007ffa064da000 	C:\WINDOWS\System32\msvcp_win.dll
0x00007ff9fe440000 - 0x00007ff9fe44a000 	C:\WINDOWS\SYSTEM32\VERSION.dll
0x00007ffa06e50000 - 0x00007ffa06e81000 	C:\WINDOWS\System32\IMM32.DLL
0x00007ff9fd6f0000 - 0x00007ff9fd6fc000 	C:\Program Files\Java\jdk-20\bin\vcruntime140_1.dll
0x00007ff971300000 - 0x00007ff97138e000 	C:\Program Files\Java\jdk-20\bin\msvcp140.dll
0x00007ff9605e0000 - 0x00007ff961277000 	C:\Program Files\Java\jdk-20\bin\server\jvm.dll
0x00007ff9e6810000 - 0x00007ff9e6819000 	C:\WINDOWS\SYSTEM32\WSOCK32.dll
0x00007ffa00550000 - 0x00007ffa00584000 	C:\WINDOWS\SYSTEM32\WINMM.dll
0x00007ffa06f40000 - 0x00007ffa06fb1000 	C:\WINDOWS\System32\WS2_32.dll
0x00007ffa04c60000 - 0x00007ffa04c78000 	C:\WINDOWS\SYSTEM32\kernel.appcore.dll
0x00007ff9e5660000 - 0x00007ff9e566a000 	C:\Program Files\Java\jdk-20\bin\jimage.dll
0x00007ffa03690000 - 0x00007ffa038c3000 	C:\WINDOWS\SYSTEM32\DBGHELP.DLL
0x00007ffa06ac0000 - 0x00007ffa06e49000 	C:\WINDOWS\System32\combase.dll
0x00007ffa06820000 - 0x00007ffa068f7000 	C:\WINDOWS\System32\OLEAUT32.dll
0x00007ff9fce50000 - 0x00007ff9fce82000 	C:\WINDOWS\SYSTEM32\dbgcore.DLL
0x00007ffa06300000 - 0x00007ffa0637a000 	C:\WINDOWS\System32\bcryptPrimitives.dll
0x00007ff9d6170000 - 0x00007ff9d6196000 	C:\Program Files\Java\jdk-20\bin\java.dll

dbghelp: loaded successfully - version: 4.0.5 - missing functions: none
symbol engine: initialized successfully - sym options: 0x614 - pdb path: .;C:\Program Files\Java\jdk-20\bin;C:\WINDOWS\SYSTEM32;C:\WINDOWS\WinSxS\amd64_microsoft.windows.common-controls_6595b64144ccf1df_6.0.22621.2506_none_270c5ae97388e100;C:\Program Files\Java\jdk-20\bin\server

VM Arguments:
jvm_args: -Dfile.encoding=UTF-8 --module-path=C:\Users\Anjali Tiwari\Documents\NetBeansProjects\University Management System\build\classes 
java_command: university.management.system.StudentFeeForm
java_class_path (initial): C:\Users\Anjali Tiwari\Desktop\mysql-connector-j-8.2.0\mysql-connector-j-8.2.0\mysql-connector-j-8.2.0.jar;C:\Users\Anjali Tiwari\Desktop\jcalendar-tz-1.3.3-4.jar;C:\Users\Anjali Tiwari\Desktop\rs2xml.jar;C:\Users\Anjali Tiwari\Documents\NetBeansProjects\University Management System\build\classes
Launcher Type: SUN_STANDARD

[Global flags]
     intx CICompilerCount                          = 4                                         {product} {ergonomic}
     uint ConcGCThreads                            = 3                                         {product} {ergonomic}
     uint G1ConcRefinementThreads                  = 10                                        {product} {ergonomic}
   size_t G1HeapRegionSize                         = 1048576                                   {product} {ergonomic}
    uintx GCDrainStackTargetSize                   = 64                                        {product} {ergonomic}
   size_t InitialHeapSize                          = 98566144                                  {product} {ergonomic}
   size_t MarkStackSize                            = 4194304                                   {product} {ergonomic}
   size_t MaxHeapSize                              = 1572864000                                {product} {ergonomic}
   size_t MinHeapDeltaBytes                        = 1048576                                   {product} {ergonomic}
   size_t MinHeapSize                              = 8388608                                   {product} {ergonomic}
    uintx NonNMethodCodeHeapSize                   = 5839372                                {pd product} {ergonomic}
    uintx NonProfiledCodeHeapSize                  = 122909434                              {pd product} {ergonomic}
    uintx ProfiledCodeHeapSize                     = 122909434                              {pd product} {ergonomic}
    uintx ReservedCodeCacheSize                    = 251658240                              {pd product} {ergonomic}
     bool SegmentedCodeCache                       = true                                      {product} {ergonomic}
   size_t SoftMaxHeapSize                          = 1572864000                             {manageable} {ergonomic}
     bool UseCompressedClassPointers               = true                           {product lp64_product} {ergonomic}
     bool UseCompressedOops                        = true                           {product lp64_product} {ergonomic}
     bool UseG1GC                                  = true                                      {product} {ergonomic}
     bool UseLargePagesIndividualAllocation        = false                                  {pd product} {ergonomic}

Logging:
Log output configuration:
 #0: stdout all=warning uptime,level,tags foldmultilines=false
 #1: stderr all=off uptime,level,tags foldmultilines=false

Environment Variables:
JAVA_HOME=C:\Users\Anjali Tiwari\AppData\Local\Programs\Eclipse Adoptium\jdk-17.0.7.7-hotspot\
PATH=C:\Program Files\Common Files\Oracle\Java\javapath;C:\Windows\system32;C:\Windows;C:\Windows\System32\Wbem;C:\Windows\System32\WindowsPowerShell\v1.0\;C:\Windows\System32\OpenSSH\;C:\Program Files (x86)\NVIDIA Corporation\PhysX\Common;C:\Program Files\NVIDIA Corporation\NVIDIA NvDLISR;C:\MinGW\bin;C:\Program Files\Git\cmd;C:\WINDOWS\system32;C:\WINDOWS;C:\WINDOWS\System32\Wbem;C:\WINDOWS\System32\WindowsPowerShell\v1.0\;C:\WINDOWS\System32\OpenSSH\;C:\Program Files\nodejs\;C:\Program Files\MySQL\MySQL Server 8.0;C:\Program Files\MySQL\MySQL Server 8.0\bin;C:\xampp\php;C:\php-8.2.10-;C:\Program Files\MySQL\MySQL Shell 8.0\bin\;C:\Users\Anjali Tiwari\AppData\Local\Programs\Eclipse Adoptium\jdk-17.0.7.7-hotspot\bin;C:\Users\Anjali Tiwari\AppData\Local\Programs\Python\Python311\Scripts\;C:\Users\Anjali Tiwari\AppData\Local\Programs\Python\Python311\;C:\Users\Anjali Tiwari\AppData\Local\Microsoft\WindowsApps;C:\Users\Anjali Tiwari\AppData\Local\Programs\Microsoft VS Code\bin;C:\Users\Anjali Tiwari\AppData\Roaming\npm;C:\Users\Anjali Tiwari\AppData\Local\JetBrains\IntelliJ IDEA Community Edition 2023.2\bin;
USERNAME=Anjali Tiwari
OS=Windows_NT
PROCESSOR_IDENTIFIER=AMD64 Family 25 Model 80 Stepping 0, AuthenticAMD
TMP=C:\Users\ANJALI~1\AppData\Local\Temp
TEMP=C:\Users\ANJALI~1\AppData\Local\Temp




---------------  S Y S T E M  ---------------

OS:
 Windows 11 , 64 bit Build 22621 (10.0.22621.2506)
OS uptime: 6 days 4:33 hours

CPU: total 12 (initial active 12) (12 cores per cpu, 2 threads per core) family 25 model 80 stepping 0 microcode 0x0, cx8, cmov, fxsr, ht, mmx, 3dnowpref, sse, sse2, sse3, ssse3, sse4a, sse4.1, sse4.2, popcnt, lzcnt, tsc, tscinvbit, avx, avx2, aes, erms, clmul, bmi1, bmi2, adx, sha, fma, vzeroupper, clflush, clflushopt, rdtscp, rdpid, fsrm, f16c, pku, cet_ss

Memory: 4k page, system-wide physical 5996M (452M free)
TotalPageFile size 24428M (AvailPageFile size 83M)
current process WorkingSet (physical memory assigned to process): 11M, peak: 11M
current process commit charge ("private bytes"): 64M, peak: 158M

vm_info: Java HotSpot(TM) 64-Bit Server VM (20.0.1+9-29) for windows-amd64 JRE (20.0.1+9-29), built on 2023-03-07T13:56:11Z by "mach5one" with MS VC++ 17.1 (VS2022)

END.
